<?xml version="1.0" encoding="UTF-8"?>
<!-- Generated by org.testng.reporters.JUnitXMLReporter -->
<testsuite hostname="Nikhil-LP" ignored="0" name="Default test" tests="4" failures="0" timestamp="27 Dec 2021 15:00:28 GMT" time="18.27" errors="0">
  <testcase name="createBorrowerUser" time="2.016" classname="APITestcases.CreditLimit"/>
  <testcase name="bindingUserWithValidPartner" time="0.527" classname="APITestcases.CreditLimit"/>
  <testcase name="createCreditLimit" time="0.908" classname="APITestcases.CreditLimit"/>
  <testcase name="createCreditLimitForSameUser" time="1.081" classname="APITestcases.CreditLimit"/>
</testsuite> <!-- Default test -->
