<?xml version="1.0" encoding="UTF-8"?>
<!-- Generated by org.testng.reporters.JUnitXMLReporter -->
<testsuite hostname="Nikhil-LP" ignored="0" name="Verify the Binding and Rebinding functionality testcases" tests="4" failures="0" timestamp="28 Dec 2021 05:48:43 GMT" time="20.235" errors="0">
  <testcase name="createBorrowerUser" time="1.059" classname="APITestcases.BindingAndRebinding"/>
  <testcase name="bindingUserWithValidPartner" time="0.588" classname="APITestcases.BindingAndRebinding"/>
  <testcase name="bindingUserWithInValidPartner" time="0.595" classname="APITestcases.BindingAndRebinding"/>
  <testcase name="rebundingWithSameUser" time="0.628" classname="APITestcases.BindingAndRebinding"/>
</testsuite> <!-- Verify the Binding and Rebinding functionality testcases -->
