<?xml version="1.0" encoding="UTF-8"?>
<!-- Generated by org.testng.reporters.JUnitXMLReporter -->
<testsuite hostname="Nikhil-LP" ignored="0" name="Verify the Borrower User functionality testcase" tests="4" failures="0" timestamp="28 Dec 2021 05:48:22 GMT" time="29.409" errors="0">
  <testcase name="createBorrowerUser" time="4.831" classname="APITestcases.BorrowerUser"/>
  <testcase name="createBorrowerWithDuplicateValues" time="0.881" classname="APITestcases.BorrowerUser"/>
  <testcase name="checkExistingBorrowerUser" time="0.86" classname="APITestcases.BorrowerUser"/>
  <testcase name="updatedBorrowerUser" time="0.719" classname="APITestcases.BorrowerUser"/>
</testsuite> <!-- Verify the Borrower User functionality testcase -->
