<?xml version="1.0" encoding="UTF-8"?>
<!-- Generated by org.testng.reporters.JUnitXMLReporter -->
<testsuite hostname="Nikhil-LP" ignored="0" name="Verify the Binding and Rebinding functionality testcases" tests="4" failures="0" timestamp="25 Dec 2021 18:44:44 GMT" time="20.762" errors="0">
  <testcase name="createBorrowerUser" time="1.526" classname="APITestcases.BindingAndRebinding"/>
  <testcase name="bindingUserWithValidPartner" time="0.917" classname="APITestcases.BindingAndRebinding"/>
  <testcase name="bindingUserWithInValidPartner" time="0.882" classname="APITestcases.BindingAndRebinding"/>
  <testcase name="rebundingWithSameUser" time="0.922" classname="APITestcases.BindingAndRebinding"/>
</testsuite> <!-- Verify the Binding and Rebinding functionality testcases -->
