<?xml version="1.0" encoding="UTF-8"?>
<!-- Generated by org.testng.reporters.JUnitXMLReporter -->
<testsuite hostname="Nikhil-LP" ignored="5" tests="0" failures="0" timestamp="25 Dec 2021 18:44:45 GMT" time="0.0" errors="0">
  <testcase name="bindingUserWithValidPartner" time="0.0" classname="APITestcases.UpdateCreditLimit">
    <ignored/>
  </testcase> <!-- bindingUserWithValidPartner -->
  <testcase name="UpdateCreditLimitForUser" time="0.0" classname="APITestcases.UpdateCreditLimit">
    <ignored/>
  </testcase> <!-- UpdateCreditLimitForUser -->
  <testcase name="createCreditLimitForSameUser" time="0.0" classname="APITestcases.UpdateCreditLimit">
    <ignored/>
  </testcase> <!-- createCreditLimitForSameUser -->
  <testcase name="createCreditLimit" time="0.0" classname="APITestcases.UpdateCreditLimit">
    <ignored/>
  </testcase> <!-- createCreditLimit -->
  <testcase name="createBorrowerUser" time="0.0" classname="APITestcases.UpdateCreditLimit">
    <ignored/>
  </testcase> <!-- createBorrowerUser -->
</testsuite>
