<?xml version="1.0" encoding="UTF-8"?>
<!-- Generated by org.testng.reporters.JUnitXMLReporter -->
<testsuite hostname="Nikhil-LP" ignored="4" name="Verify by perfome loan disbursment functionality testcases" tests="1" failures="1" timestamp="28 Dec 2021 05:48:52 GMT" time="8.936" errors="0">
  <testcase name="loanDirsbumentPositive" time="0.662" classname="APITestcases.LoanDisburesment">
    <failure type="java.lang.AssertionError" message="The following asserts failed:
	expected [0000] but found [6001],
	expected [Disbursement is success] but found [Binding ID does not exists],
	expected [true] but found [false],
	expected [TrxIdPuAqaMsZ] but found [null],
	expected [ACTIVE] but found [null]">
      <![CDATA[java.lang.AssertionError: The following asserts failed:
expected [0000] but found [6001],
expected [Disbursement is success] but found [Binding ID does not exists],
expected [true] but found [false],
expected [TrxIdPuAqaMsZ] but found [null],
expected [ACTIVE] but found [null]
at APITestcases.LoanDisburesment.loanDirsbumentPositive(LoanDisburesment.java:228)
... Removed 29 stack frames]]>
    </failure>
  </testcase> <!-- loanDirsbumentPositive -->
  <testcase name="createBorrowerUser" time="0.0" classname="APITestcases.LoanDisburesment">
    <ignored/>
  </testcase> <!-- createBorrowerUser -->
  <testcase name="UpdateCreditLimitForUser" time="0.0" classname="APITestcases.LoanDisburesment">
    <ignored/>
  </testcase> <!-- UpdateCreditLimitForUser -->
  <testcase name="createCreditLimit" time="0.0" classname="APITestcases.LoanDisburesment">
    <ignored/>
  </testcase> <!-- createCreditLimit -->
  <testcase name="bindingUserWithValidPartner" time="0.0" classname="APITestcases.LoanDisburesment">
    <ignored/>
  </testcase> <!-- bindingUserWithValidPartner -->
</testsuite> <!-- Verify by perfome loan disbursment functionality testcases -->
