<?xml version="1.0" encoding="UTF-8"?>
<!-- Generated by org.testng.reporters.JUnitXMLReporter -->
<testsuite hostname="Nikhil-LP" ignored="0" name="Craete Lender with Duplicate Value" tests="2" failures="0" timestamp="26 Jun 2021 06:53:09 GMT" time="21.812" errors="0">
  <testcase name="createLenderUser" time="7.423" classname="APITestcases.CreateDuplicateLenderUser"/>
  <testcase name="LenderUser" time="7.801" classname="APITestcases.CreateDuplicateLenderUser"/>
</testsuite> <!-- Craete Lender with Duplicate Value -->
