<?xml version="1.0" encoding="UTF-8"?>
<!-- Generated by org.testng.reporters.JUnitXMLReporter -->
<testsuite hostname="Nikhil-LP" ignored="0" name="Create Lender with Duplicate Value" tests="2" failures="0" timestamp="26 Jun 2021 11:15:03 GMT" time="18.297" errors="0">
  <testcase name="createLenderUser" time="6.009" classname="APITestcases.CreateDuplicateLenderUser"/>
  <testcase name="LenderUser" time="8.625" classname="APITestcases.CreateDuplicateLenderUser"/>
</testsuite> <!-- Create Lender with Duplicate Value -->
