<?xml version="1.0" encoding="UTF-8"?>
<!-- Generated by org.testng.reporters.JUnitXMLReporter -->
<testsuite hostname="Nikhil-LP" ignored="0" name="Create partner with Duplicate Value" tests="2" failures="0" timestamp="26 Jun 2021 11:14:45 GMT" time="18.976" errors="0">
  <testcase name="createPartnerUser" time="6.954" classname="APITestcases.CreateDuplicatePartnerUser"/>
  <testcase name="createDuplicatePartnerUser" time="6.503" classname="APITestcases.CreateDuplicatePartnerUser"/>
</testsuite> <!-- Create partner with Duplicate Value -->
