<?xml version="1.0" encoding="UTF-8"?>
<!-- Generated by org.testng.reporters.JUnitXMLReporter -->
<testsuite hostname="Nikhil-LP" ignored="0" name="Lender Test" tests="3" failures="0" timestamp="26 Jun 2021 11:14:11 GMT" time="23.401" errors="0">
  <testcase name="createLenderUser" time="7.561" classname="APITestcases.LenderUser"/>
  <testcase name="viewLenderUser" time="3.581" classname="APITestcases.LenderUser"/>
  <testcase name="updateLenderUser" time="2.476" classname="APITestcases.LenderUser"/>
</testsuite> <!-- Lender Test -->
