<?xml version="1.0" encoding="UTF-8"?>
<!-- Generated by org.testng.reporters.JUnitXMLReporter -->
<testsuite hostname="Nikhil-LP" ignored="0" name="Partner Test" tests="3" failures="0" timestamp="26 Jun 2021 11:14:26 GMT" time="14.315" errors="0">
  <testcase name="createPartnerUser" time="5.9" classname="APITestcases.PartnerUser"/>
  <testcase name="viewPartnerUser" time="0.976" classname="APITestcases.PartnerUser"/>
  <testcase name="updatePartnerUser" time="3.46" classname="APITestcases.PartnerUser"/>
</testsuite> <!-- Partner Test -->
