<?xml version="1.0" encoding="UTF-8"?>
<!-- Generated by org.testng.reporters.JUnitXMLReporter -->
<testsuite hostname="Nikhil-LP" ignored="0" name="Verify the Borrower User functionality testcase" tests="4" failures="0" timestamp="25 Dec 2021 15:33:11 GMT" time="38.806" errors="0">
  <testcase name="createBorrowerUser" time="2.347" classname="APITestcases.BorrowerUser"/>
  <testcase name="createBorrowerWithDuplicateValues" time="4.069" classname="APITestcases.BorrowerUser"/>
  <testcase name="checkExistingBorrowerUser" time="1.349" classname="APITestcases.BorrowerUser"/>
  <testcase name="updatedBorrowerUser" time="2.017" classname="APITestcases.BorrowerUser"/>
</testsuite> <!-- Verify the Borrower User functionality testcase -->
