<?xml version="1.0" encoding="UTF-8"?>
<!-- Generated by org.testng.reporters.JUnitXMLReporter -->
<testsuite hostname="Nikhil-LP" ignored="4" tests="0" failures="0" timestamp="25 Dec 2021 15:33:11 GMT" time="0.0" errors="0">
  <testcase name="createBorrowerUser" time="0.0" classname="APITestcases.BindingAndRebinding">
    <ignored/>
  </testcase> <!-- createBorrowerUser -->
  <testcase name="bindingUserWithValidPartner" time="0.0" classname="APITestcases.BindingAndRebinding">
    <ignored/>
  </testcase> <!-- bindingUserWithValidPartner -->
  <testcase name="rebundingWithSameUser" time="0.0" classname="APITestcases.BindingAndRebinding">
    <ignored/>
  </testcase> <!-- rebundingWithSameUser -->
  <testcase name="bindingUserWithInValidPartner" time="0.0" classname="APITestcases.BindingAndRebinding">
    <ignored/>
  </testcase> <!-- bindingUserWithInValidPartner -->
</testsuite>
