<?xml version="1.0" encoding="UTF-8"?>
<!-- Generated by org.testng.reporters.JUnitXMLReporter -->
<testsuite hostname="Nikhil-LP" ignored="0" name="Create partner with Duplicate Value" tests="2" failures="0" timestamp="27 Jun 2021 09:33:01 GMT" time="20.853" errors="0">
  <testcase name="createPartnerUser" time="6.357" classname="APITestcases.CreateDuplicatePartnerUser"/>
  <testcase name="createDuplicatePartnerUser" time="8.043" classname="APITestcases.CreateDuplicatePartnerUser"/>
</testsuite> <!-- Create partner with Duplicate Value -->
