<?xml version="1.0" encoding="UTF-8"?>
<!-- Generated by org.testng.reporters.JUnitXMLReporter -->
<testsuite hostname="Nikhil-LP" ignored="0" name="Create Lender with Duplicate Value" tests="2" failures="0" timestamp="27 Jun 2021 09:33:23 GMT" time="22.283" errors="0">
  <testcase name="createLenderUser" time="7.964" classname="APITestcases.CreateDuplicateLenderUser"/>
  <testcase name="LenderUser" time="7.782" classname="APITestcases.CreateDuplicateLenderUser"/>
</testsuite> <!-- Create Lender with Duplicate Value -->
