<?xml version="1.0" encoding="UTF-8"?>
<!-- Generated by org.testng.reporters.JUnitXMLReporter -->
<testsuite hostname="Nikhil-LP" ignored="0" name="Lender Test" tests="3" failures="0" timestamp="27 Jun 2021 09:32:22 GMT" time="21.776" errors="0">
  <testcase name="createLenderUser" time="6.734" classname="APITestcases.LenderUser"/>
  <testcase name="viewLenderUser" time="2.288" classname="APITestcases.LenderUser"/>
  <testcase name="updateLenderUser" time="5.57" classname="APITestcases.LenderUser"/>
</testsuite> <!-- Lender Test -->
