<?xml version="1.0" encoding="UTF-8"?>
<!-- Generated by org.testng.reporters.JUnitXMLReporter -->
<testsuite hostname="Nikhil-LP" ignored="0" name="Partner Test" tests="3" failures="0" timestamp="27 Jun 2021 09:32:40 GMT" time="17.741" errors="0">
  <testcase name="createPartnerUser" time="6.405" classname="APITestcases.PartnerUser"/>
  <testcase name="viewPartnerUser" time="1.057" classname="APITestcases.PartnerUser"/>
  <testcase name="updatePartnerUser" time="2.942" classname="APITestcases.PartnerUser"/>
</testsuite> <!-- Partner Test -->
