<?xml version="1.0" encoding="UTF-8"?>
<!-- Generated by org.testng.reporters.JUnitXMLReporter -->
<testsuite hostname="Nikhil-LP" ignored="0" name="Verify the Binding and Rebinding functionality testcases" tests="4" failures="0" timestamp="23 Dec 2021 07:24:27 GMT" time="6.633" errors="0">
  <testcase name="createBorrowerUser" time="1.144" classname="APITestcases.BindingAndRebinding"/>
  <testcase name="bindingUserWithValidPartner" time="0.692" classname="APITestcases.BindingAndRebinding"/>
  <testcase name="bindingUserWithInValidPartner" time="0.609" classname="APITestcases.BindingAndRebinding"/>
  <testcase name="rebundingWithSameUser" time="1.162" classname="APITestcases.BindingAndRebinding"/>
</testsuite> <!-- Verify the Binding and Rebinding functionality testcases -->
