<?xml version="1.0" encoding="UTF-8"?>
<!-- Generated by org.testng.reporters.JUnitXMLReporter -->
<testsuite hostname="Nikhil-LP" ignored="0" name="Verify the Borrower User functionality testcase" tests="4" failures="0" timestamp="23 Dec 2021 07:24:19 GMT" time="12.674" errors="0">
  <testcase name="createBorrowerUser" time="2.307" classname="APITestcases.BorrowerUser"/>
  <testcase name="createBorrowerWithDuplicateValues" time="1.261" classname="APITestcases.BorrowerUser"/>
  <testcase name="checkExistingBorrowerUser" time="0.909" classname="APITestcases.BorrowerUser"/>
  <testcase name="updatedBorrowerUser" time="1.459" classname="APITestcases.BorrowerUser"/>
</testsuite> <!-- Verify the Borrower User functionality testcase -->
