<?xml version="1.0" encoding="UTF-8"?>
<!-- Generated by org.testng.reporters.JUnitXMLReporter -->
<testsuite hostname="Nikhil-LP" ignored="4" tests="0" failures="0" timestamp="25 Dec 2021 14:51:04 GMT" time="0.0" errors="0">
  <testcase name="createCreditLimitForSameUser" time="0.0" classname="APITestcases.CreditLimit">
    <ignored/>
  </testcase> <!-- createCreditLimitForSameUser -->
  <testcase name="bindingUserWithValidPartner" time="0.0" classname="APITestcases.CreditLimit">
    <ignored/>
  </testcase> <!-- bindingUserWithValidPartner -->
  <testcase name="createBorrowerUser" time="0.0" classname="APITestcases.CreditLimit">
    <ignored/>
  </testcase> <!-- createBorrowerUser -->
  <testcase name="createCreditLimit" time="0.0" classname="APITestcases.CreditLimit">
    <ignored/>
  </testcase> <!-- createCreditLimit -->
</testsuite>
