<?xml version="1.0" encoding="UTF-8"?>
<!-- Generated by org.testng.reporters.JUnitXMLReporter -->
<testsuite hostname="Nikhil-LP" ignored="3" name="Verify the Binding and Rebinding functionality testcases" tests="1" failures="0" timestamp="25 Dec 2021 14:51:04 GMT" time="2.196" errors="0">
  <testcase name="createBorrowerUser" time="1.178" classname="APITestcases.BindingAndRebinding"/>
  <testcase name="bindingUserWithValidPartner" time="0.0" classname="APITestcases.BindingAndRebinding">
    <ignored/>
  </testcase> <!-- bindingUserWithValidPartner -->
  <testcase name="rebundingWithSameUser" time="0.0" classname="APITestcases.BindingAndRebinding">
    <ignored/>
  </testcase> <!-- rebundingWithSameUser -->
  <testcase name="bindingUserWithInValidPartner" time="0.0" classname="APITestcases.BindingAndRebinding">
    <ignored/>
  </testcase> <!-- bindingUserWithInValidPartner -->
</testsuite> <!-- Verify the Binding and Rebinding functionality testcases -->
