<?xml version="1.0" encoding="UTF-8"?>
<testng-results skipped="0" failed="0" ignored="0" total="4" passed="4">
  <reporter-output>
  </reporter-output>
  <suite name="Default suite" duration-ms="18270" started-at="2021-12-27T15:00:10Z" finished-at="2021-12-27T15:00:28Z">
    <groups>
    </groups>
    <test name="Default test" duration-ms="18270" started-at="2021-12-27T15:00:10Z" finished-at="2021-12-27T15:00:28Z">
      <class name="APITestcases.CreditLimit">
        <test-method status="PASS" signature="userLogin()[pri:0, instance:APITestcases.CreditLimit@5a63f509]" name="userLogin" is-config="true" duration-ms="2747" started-at="2021-12-27T20:30:10Z" finished-at="2021-12-27T20:30:13Z">
          <reporter-output>
          </reporter-output>
        </test-method> <!-- userLogin -->
        <test-method status="PASS" signature="createBorrowerUser()[pri:1, instance:APITestcases.CreditLimit@5a63f509]" name="createBorrowerUser" duration-ms="2016" started-at="2021-12-27T20:30:13Z" finished-at="2021-12-27T20:30:15Z">
          <reporter-output>
          </reporter-output>
        </test-method> <!-- createBorrowerUser -->
        <test-method status="PASS" signature="userLogin()[pri:0, instance:APITestcases.CreditLimit@5a63f509]" name="userLogin" is-config="true" duration-ms="856" started-at="2021-12-27T20:30:15Z" finished-at="2021-12-27T20:30:16Z">
          <reporter-output>
          </reporter-output>
        </test-method> <!-- userLogin -->
        <test-method status="PASS" signature="bindingUserWithValidPartner()[pri:2, instance:APITestcases.CreditLimit@5a63f509]" name="bindingUserWithValidPartner" duration-ms="527" started-at="2021-12-27T20:30:16Z" finished-at="2021-12-27T20:30:16Z">
          <reporter-output>
          </reporter-output>
        </test-method> <!-- bindingUserWithValidPartner -->
        <test-method status="PASS" signature="userLogin()[pri:0, instance:APITestcases.CreditLimit@5a63f509]" name="userLogin" is-config="true" duration-ms="905" started-at="2021-12-27T20:30:16Z" finished-at="2021-12-27T20:30:17Z">
          <reporter-output>
          </reporter-output>
        </test-method> <!-- userLogin -->
        <test-method status="PASS" signature="createCreditLimit()[pri:3, instance:APITestcases.CreditLimit@5a63f509]" name="createCreditLimit" duration-ms="908" started-at="2021-12-27T20:30:17Z" finished-at="2021-12-27T20:30:18Z">
          <reporter-output>
          </reporter-output>
        </test-method> <!-- createCreditLimit -->
        <test-method status="PASS" signature="userLogin()[pri:0, instance:APITestcases.CreditLimit@5a63f509]" name="userLogin" is-config="true" duration-ms="2040" started-at="2021-12-27T20:30:18Z" finished-at="2021-12-27T20:30:20Z">
          <reporter-output>
          </reporter-output>
        </test-method> <!-- userLogin -->
        <test-method status="PASS" signature="createCreditLimitForSameUser()[pri:4, instance:APITestcases.CreditLimit@5a63f509]" name="createCreditLimitForSameUser" duration-ms="1081" started-at="2021-12-27T20:30:20Z" finished-at="2021-12-27T20:30:21Z">
          <reporter-output>
          </reporter-output>
        </test-method> <!-- createCreditLimitForSameUser -->
        <test-method status="PASS" signature="cleanUp()[pri:0, instance:APITestcases.CreditLimit@5a63f509]" name="cleanUp" is-config="true" duration-ms="7167" started-at="2021-12-27T20:30:21Z" finished-at="2021-12-27T20:30:28Z">
          <reporter-output>
          </reporter-output>
        </test-method> <!-- cleanUp -->
      </class> <!-- APITestcases.CreditLimit -->
    </test> <!-- Default test -->
  </suite> <!-- Default suite -->
</testng-results>
